{
  "RSpec": {
    "coverage": {
      "/Users/Mguardia13/Documents/Software engineer/Shopify/Backend Internship/Shopify-Image-Repository-API/spec/models/image_spec.rb": {
        "lines": [
          1,
          null,
          1,
          1,
          2,
          2,
          2,
          2,
          null,
          null,
          1,
          2,
          null,
          null
        ]
      },
      "/Users/Mguardia13/Documents/Software engineer/Shopify/Backend Internship/Shopify-Image-Repository-API/spec/rails_helper.rb": {
        "lines": [
          null,
          1,
          1,
          1,
          null,
          1,
          1,
          null,
          null,
          null,
          null,
          null,
          null,
          null,
          null,
          null,
          null,
          null,
          null,
          null,
          null,
          null,
          null,
          null,
          null,
          null,
          1,
          1,
          null,
          0,
          0,
          null,
          1,
          null,
          1,
          null,
          null,
          null,
          null,
          1,
          null,
          null,
          null,
          null,
          null,
          null,
          null,
          null,
          null,
          null,
          null,
          null,
          null,
          null,
          null,
          null,
          null,
          1,
          null,
          null,
          1,
          null,
          null,
          1,
          null,
          null,
          1,
          1,
          1,
          null,
          1,
          null,
          null
        ]
      },
      "/Users/Mguardia13/Documents/Software engineer/Shopify/Backend Internship/Shopify-Image-Repository-API/config/environment.rb": {
        "lines": [
          null,
          1,
          null,
          null,
          1
        ]
      },
      "/Users/Mguardia13/Documents/Software engineer/Shopify/Backend Internship/Shopify-Image-Repository-API/config/application.rb": {
        "lines": [
          1,
          null,
          1,
          null,
          1,
          1,
          1,
          1,
          1,
          1,
          1,
          1,
          null,
          null,
          null,
          null,
          null,
          1,
          null,
          1,
          1,
          null,
          1,
          null,
          null,
          null,
          null,
          null,
          1,
          null,
          null,
          null,
          1,
          null,
          null
        ]
      },
      "/Users/Mguardia13/Documents/Software engineer/Shopify/Backend Internship/Shopify-Image-Repository-API/config/boot.rb": {
        "lines": [
          1,
          null,
          1,
          1
        ]
      },
      "/Users/Mguardia13/Documents/Software engineer/Shopify/Backend Internship/Shopify-Image-Repository-API/config/environments/test.rb": {
        "lines": [
          1,
          null,
          null,
          null,
          null,
          null,
          null,
          1,
          null,
          null,
          null,
          null,
          1,
          null,
          null,
          1,
          1,
          null,
          null,
          null,
          null,
          1,
          1,
          null,
          null,
          1,
          null,
          null,
          1,
          null,
          null,
          1,
          null,
          1,
          null,
          null,
          null,
          null,
          1,
          null,
          null,
          1,
          null,
          null,
          null,
          null
        ]
      },
      "/Users/Mguardia13/Documents/Software engineer/Shopify/Backend Internship/Shopify-Image-Repository-API/config/initializers/application_controller_renderer.rb": {
        "lines": [
          null,
          null,
          null,
          null,
          null,
          null,
          null,
          null
        ]
      },
      "/Users/Mguardia13/Documents/Software engineer/Shopify/Backend Internship/Shopify-Image-Repository-API/config/initializers/backtrace_silencers.rb": {
        "lines": [
          null,
          null,
          null,
          null,
          null,
          null,
          null
        ]
      },
      "/Users/Mguardia13/Documents/Software engineer/Shopify/Backend Internship/Shopify-Image-Repository-API/config/initializers/cors.rb": {
        "lines": [
          null,
          null,
          null,
          null,
          null,
          null,
          null,
          null,
          null,
          null,
          null,
          null,
          null,
          null,
          null,
          null
        ]
      },
      "/Users/Mguardia13/Documents/Software engineer/Shopify/Backend Internship/Shopify-Image-Repository-API/config/initializers/filter_parameter_logging.rb": {
        "lines": [
          null,
          null,
          null,
          1
        ]
      },
      "/Users/Mguardia13/Documents/Software engineer/Shopify/Backend Internship/Shopify-Image-Repository-API/config/initializers/inflections.rb": {
        "lines": [
          null,
          null,
          null,
          null,
          null,
          null,
          null,
          null,
          null,
          null,
          null,
          null,
          null,
          null,
          null,
          null
        ]
      },
      "/Users/Mguardia13/Documents/Software engineer/Shopify/Backend Internship/Shopify-Image-Repository-API/config/initializers/mime_types.rb": {
        "lines": [
          null,
          null,
          null,
          null
        ]
      },
      "/Users/Mguardia13/Documents/Software engineer/Shopify/Backend Internship/Shopify-Image-Repository-API/config/initializers/wrap_parameters.rb": {
        "lines": [
          null,
          null,
          null,
          null,
          null,
          null,
          1,
          2,
          null,
          null,
          null,
          null,
          null,
          null
        ]
      },
      "/Users/Mguardia13/Documents/Software engineer/Shopify/Backend Internship/Shopify-Image-Repository-API/spec/factories/image.rb": {
        "lines": [
          1,
          1,
          1,
          1,
          1,
          1,
          1,
          1,
          null,
          null
        ]
      },
      "/Users/Mguardia13/Documents/Software engineer/Shopify/Backend Internship/Shopify-Image-Repository-API/spec/factories/user.rb": {
        "lines": [
          1,
          1,
          7,
          7,
          null,
          null
        ]
      },
      "/Users/Mguardia13/Documents/Software engineer/Shopify/Backend Internship/Shopify-Image-Repository-API/config/routes.rb": {
        "lines": [
          1,
          null,
          1,
          1,
          1,
          null,
          1,
          null,
          1,
          1,
          null,
          1,
          1,
          null,
          null,
          null
        ]
      },
      "/Users/Mguardia13/Documents/Software engineer/Shopify/Backend Internship/Shopify-Image-Repository-API/app/models/image.rb": {
        "lines": [
          1,
          1,
          1,
          1,
          1,
          1,
          null,
          1,
          null,
          1,
          null
        ]
      },
      "/Users/Mguardia13/Documents/Software engineer/Shopify/Backend Internship/Shopify-Image-Repository-API/app/models/application_record.rb": {
        "lines": [
          1,
          1,
          null
        ]
      },
      "/Users/Mguardia13/Documents/Software engineer/Shopify/Backend Internship/Shopify-Image-Repository-API/spec/models/user_spec.rb": {
        "lines": [
          1,
          null,
          1,
          1,
          2,
          2,
          null,
          null,
          1,
          2,
          null,
          null
        ]
      },
      "/Users/Mguardia13/Documents/Software engineer/Shopify/Backend Internship/Shopify-Image-Repository-API/app/models/user.rb": {
        "lines": [
          1,
          1,
          1,
          null,
          1,
          null,
          1,
          null
        ]
      },
      "/Users/Mguardia13/Documents/Software engineer/Shopify/Backend Internship/Shopify-Image-Repository-API/spec/requests/api/v1/image_request_spec.rb": {
        "lines": [
          1,
          null,
          1,
          1,
          1,
          1,
          null,
          null,
          null,
          null,
          null,
          null,
          null,
          1,
          null,
          1,
          null,
          1,
          null,
          1,
          null,
          1,
          null,
          1,
          null,
          1,
          1,
          1,
          1,
          1,
          1,
          null,
          null,
          1,
          1,
          1,
          null,
          1,
          null,
          1,
          null,
          1,
          null,
          1,
          null,
          1,
          null,
          1,
          null,
          null,
          1,
          1,
          1,
          null,
          null,
          null,
          null,
          null,
          null,
          null,
          1,
          null,
          1,
          1,
          1,
          1,
          null,
          1,
          null,
          1,
          null,
          1,
          null,
          1,
          null,
          null,
          1,
          1,
          1,
          1,
          null,
          null,
          null,
          null,
          null,
          null,
          null,
          1,
          null,
          1,
          1,
          null,
          1,
          1,
          null,
          1,
          1,
          null,
          1,
          null,
          1,
          1,
          null,
          1,
          null,
          null,
          1,
          1,
          1,
          null,
          1,
          null,
          1,
          1,
          1,
          1,
          null,
          1,
          null,
          1,
          9,
          null,
          1,
          null,
          1,
          null,
          null
        ]
      },
      "/Users/Mguardia13/Documents/Software engineer/Shopify/Backend Internship/Shopify-Image-Repository-API/spec/requests/api/v1/user_request_spec.rb": {
        "lines": [
          1,
          null,
          1,
          1,
          1,
          1,
          null,
          1,
          null,
          1,
          null,
          null,
          1,
          null,
          null,
          1,
          1,
          1,
          null,
          1,
          null,
          1,
          null,
          null,
          1,
          null,
          null,
          null
        ]
      },
      "/Users/Mguardia13/Documents/Software engineer/Shopify/Backend Internship/Shopify-Image-Repository-API/app/controllers/api/v1/authentication_controller.rb": {
        "lines": [
          1,
          1,
          null,
          1,
          6,
          null,
          6,
          6,
          null,
          0,
          null,
          null,
          null
        ]
      },
      "/Users/Mguardia13/Documents/Software engineer/Shopify/Backend Internship/Shopify-Image-Repository-API/app/controllers/application_controller.rb": {
        "lines": [
          1,
          1,
          1,
          null,
          1,
          null,
          1,
          8,
          8,
          null,
          null
        ]
      },
      "/Users/Mguardia13/Documents/Software engineer/Shopify/Backend Internship/Shopify-Image-Repository-API/app/commands/authenticate_user.rb": {
        "lines": [
          1,
          1,
          1,
          null,
          1,
          6,
          6,
          null,
          null,
          1,
          6,
          null,
          null,
          1,
          null,
          1,
          null,
          1,
          12,
          12,
          null,
          0,
          null,
          null,
          null
        ]
      },
      "/Users/Mguardia13/Documents/Software engineer/Shopify/Backend Internship/Shopify-Image-Repository-API/lib/json_web_token.rb": {
        "lines": [
          1,
          1,
          1,
          6,
          6,
          null,
          null,
          1,
          8,
          8,
          null,
          0,
          null,
          null,
          null
        ]
      },
      "/Users/Mguardia13/Documents/Software engineer/Shopify/Backend Internship/Shopify-Image-Repository-API/app/controllers/api/v1/images_controller.rb": {
        "lines": [
          1,
          1,
          3,
          null,
          null,
          1,
          2,
          16,
          null,
          null,
          2,
          null,
          2,
          null,
          null,
          1,
          2,
          1,
          null,
          1,
          null,
          null,
          null,
          1,
          1,
          8,
          null,
          null,
          1,
          null,
          null,
          1,
          null,
          1,
          3,
          null,
          null
        ]
      },
      "/Users/Mguardia13/Documents/Software engineer/Shopify/Backend Internship/Shopify-Image-Repository-API/app/commands/authorize_api_request.rb": {
        "lines": [
          1,
          1,
          1,
          null,
          1,
          8,
          null,
          null,
          1,
          8,
          null,
          null,
          1,
          null,
          1,
          null,
          1,
          8,
          8,
          null,
          null,
          1,
          16,
          null,
          null,
          1,
          8,
          8,
          null,
          0,
          null,
          null,
          null,
          null,
          null
        ]
      },
      "/Users/Mguardia13/Documents/Software engineer/Shopify/Backend Internship/Shopify-Image-Repository-API/app/serializers/image_serializer.rb": {
        "lines": [
          1,
          1,
          null,
          1,
          null,
          1,
          null
        ]
      },
      "/Users/Mguardia13/Documents/Software engineer/Shopify/Backend Internship/Shopify-Image-Repository-API/app/controllers/api/v1/users_controller.rb": {
        "lines": [
          1,
          1,
          1,
          2,
          2,
          1,
          null,
          1,
          null,
          null,
          null,
          1,
          null,
          1,
          2,
          null,
          null
        ]
      }
    },
    "timestamp": 1610925894
  }
}
