{
  "RSpec": {
    "coverage": {
      "/Users/Mguardia13/Documents/Software engineer/Shopify/Backend Internship/Shopify-Image-Repository-API/spec/models/image_spec.rb": {
        "lines": [
          1,
          null,
          1,
          1,
          2,
          2,
          2,
          2,
          null,
          null,
          1,
          2,
          null,
          null
        ]
      },
      "/Users/Mguardia13/Documents/Software engineer/Shopify/Backend Internship/Shopify-Image-Repository-API/spec/rails_helper.rb": {
        "lines": [
          null,
          1,
          1,
          1,
          null,
          1,
          1,
          null,
          null,
          null,
          null,
          null,
          null,
          null,
          null,
          null,
          null,
          null,
          null,
          null,
          null,
          null,
          null,
          null,
          null,
          null,
          1,
          1,
          null,
          0,
          0,
          null,
          1,
          null,
          1,
          null,
          null,
          null,
          null,
          1,
          null,
          null,
          null,
          null,
          null,
          null,
          null,
          null,
          null,
          null,
          null,
          null,
          null,
          null,
          null,
          null,
          null,
          1,
          null,
          null,
          1,
          null,
          null,
          1,
          null,
          null,
          1,
          1,
          1,
          null,
          1,
          null,
          null
        ]
      },
      "/Users/Mguardia13/Documents/Software engineer/Shopify/Backend Internship/Shopify-Image-Repository-API/config/environment.rb": {
        "lines": [
          null,
          1,
          null,
          null,
          1
        ]
      },
      "/Users/Mguardia13/Documents/Software engineer/Shopify/Backend Internship/Shopify-Image-Repository-API/config/application.rb": {
        "lines": [
          1,
          null,
          1,
          null,
          1,
          1,
          1,
          1,
          1,
          1,
          1,
          1,
          null,
          null,
          null,
          null,
          null,
          1,
          null,
          1,
          1,
          null,
          1,
          null,
          null,
          null,
          null,
          null,
          null,
          null,
          null,
          null,
          1,
          null,
          null
        ]
      },
      "/Users/Mguardia13/Documents/Software engineer/Shopify/Backend Internship/Shopify-Image-Repository-API/config/boot.rb": {
        "lines": [
          1,
          null,
          1,
          1
        ]
      },
      "/Users/Mguardia13/Documents/Software engineer/Shopify/Backend Internship/Shopify-Image-Repository-API/config/environments/test.rb": {
        "lines": [
          1,
          null,
          null,
          null,
          null,
          null,
          null,
          1,
          null,
          null,
          null,
          null,
          1,
          null,
          null,
          1,
          1,
          null,
          null,
          null,
          null,
          1,
          1,
          null,
          null,
          1,
          null,
          null,
          1,
          null,
          null,
          1,
          null,
          1,
          null,
          null,
          null,
          null,
          1,
          null,
          null,
          1,
          null,
          null,
          null,
          null
        ]
      },
      "/Users/Mguardia13/Documents/Software engineer/Shopify/Backend Internship/Shopify-Image-Repository-API/config/initializers/application_controller_renderer.rb": {
        "lines": [
          null,
          null,
          null,
          null,
          null,
          null,
          null,
          null
        ]
      },
      "/Users/Mguardia13/Documents/Software engineer/Shopify/Backend Internship/Shopify-Image-Repository-API/config/initializers/backtrace_silencers.rb": {
        "lines": [
          null,
          null,
          null,
          null,
          null,
          null,
          null
        ]
      },
      "/Users/Mguardia13/Documents/Software engineer/Shopify/Backend Internship/Shopify-Image-Repository-API/config/initializers/cors.rb": {
        "lines": [
          null,
          null,
          null,
          null,
          null,
          null,
          null,
          null,
          null,
          null,
          null,
          null,
          null,
          null,
          null,
          null
        ]
      },
      "/Users/Mguardia13/Documents/Software engineer/Shopify/Backend Internship/Shopify-Image-Repository-API/config/initializers/filter_parameter_logging.rb": {
        "lines": [
          null,
          null,
          null,
          1
        ]
      },
      "/Users/Mguardia13/Documents/Software engineer/Shopify/Backend Internship/Shopify-Image-Repository-API/config/initializers/inflections.rb": {
        "lines": [
          null,
          null,
          null,
          null,
          null,
          null,
          null,
          null,
          null,
          null,
          null,
          null,
          null,
          null,
          null,
          null
        ]
      },
      "/Users/Mguardia13/Documents/Software engineer/Shopify/Backend Internship/Shopify-Image-Repository-API/config/initializers/mime_types.rb": {
        "lines": [
          null,
          null,
          null,
          null
        ]
      },
      "/Users/Mguardia13/Documents/Software engineer/Shopify/Backend Internship/Shopify-Image-Repository-API/config/initializers/wrap_parameters.rb": {
        "lines": [
          null,
          null,
          null,
          null,
          null,
          null,
          1,
          1,
          null,
          null,
          null,
          null,
          null,
          null
        ]
      },
      "/Users/Mguardia13/Documents/Software engineer/Shopify/Backend Internship/Shopify-Image-Repository-API/config/routes.rb": {
        "lines": [
          1,
          1,
          1,
          null,
          null
        ]
      },
      "/Users/Mguardia13/Documents/Software engineer/Shopify/Backend Internship/Shopify-Image-Repository-API/app/models/image.rb": {
        "lines": [
          1,
          1,
          1,
          1,
          1,
          1,
          null,
          1,
          null,
          1,
          null
        ]
      },
      "/Users/Mguardia13/Documents/Software engineer/Shopify/Backend Internship/Shopify-Image-Repository-API/app/models/application_record.rb": {
        "lines": [
          1,
          1,
          null
        ]
      },
      "/Users/Mguardia13/Documents/Software engineer/Shopify/Backend Internship/Shopify-Image-Repository-API/spec/models/user_spec.rb": {
        "lines": [
          1,
          null,
          1,
          1,
          2,
          2,
          null,
          null,
          1,
          2,
          null,
          null
        ]
      },
      "/Users/Mguardia13/Documents/Software engineer/Shopify/Backend Internship/Shopify-Image-Repository-API/app/models/user.rb": {
        "lines": [
          1,
          1,
          1,
          null,
          1,
          null,
          1,
          null
        ]
      }
    },
    "timestamp": 1610839865
  }
}
